mode: set
github.com/gizak/hammingcode/decoder.go:17.27,23.2 1 1
github.com/gizak/hammingcode/decoder.go:25.59,26.29 1 1
github.com/gizak/hammingcode/decoder.go:29.2,29.23 1 1
github.com/gizak/hammingcode/decoder.go:26.29,28.3 1 1
github.com/gizak/hammingcode/decoder.go:32.40,34.24 2 1
github.com/gizak/hammingcode/decoder.go:39.2,41.35 2 1
github.com/gizak/hammingcode/decoder.go:49.2,49.11 1 1
github.com/gizak/hammingcode/decoder.go:34.24,35.13 1 1
github.com/gizak/hammingcode/decoder.go:35.13,37.4 1 1
github.com/gizak/hammingcode/decoder.go:41.35,43.25 2 1
github.com/gizak/hammingcode/decoder.go:46.3,46.30 1 1
github.com/gizak/hammingcode/decoder.go:43.25,45.4 1 1
github.com/gizak/hammingcode/decoder.go:53.62,57.2 3 1
github.com/gizak/hammingcode/decoder.go:60.32,62.2 1 0
github.com/gizak/hammingcode/decoder.go:65.55,67.31 2 1
github.com/gizak/hammingcode/decoder.go:71.2,72.23 2 1
github.com/gizak/hammingcode/decoder.go:77.2,77.30 1 1
github.com/gizak/hammingcode/decoder.go:90.2,90.30 1 1
github.com/gizak/hammingcode/decoder.go:95.2,100.12 5 1
github.com/gizak/hammingcode/decoder.go:67.31,69.3 1 1
github.com/gizak/hammingcode/decoder.go:72.23,74.3 1 1
github.com/gizak/hammingcode/decoder.go:77.30,78.37 1 1
github.com/gizak/hammingcode/decoder.go:86.2,87.3 1 0
github.com/gizak/hammingcode/decoder.go:78.37,79.36 1 1
github.com/gizak/hammingcode/decoder.go:79.36,80.18 1 1
github.com/gizak/hammingcode/decoder.go:80.18,82.15 2 1
github.com/gizak/hammingcode/decoder.go:90.30,92.3 1 1
github.com/gizak/hammingcode/decoder.go:105.39,107.64 2 1
github.com/gizak/hammingcode/decoder.go:113.2,115.27 2 1
github.com/gizak/hammingcode/decoder.go:121.2,121.11 1 1
github.com/gizak/hammingcode/decoder.go:107.64,108.21 1 1
github.com/gizak/hammingcode/decoder.go:108.21,110.4 1 1
github.com/gizak/hammingcode/decoder.go:115.27,117.3 1 0
github.com/gizak/hammingcode/decoder.go:117.4,119.3 1 1
github.com/gizak/hammingcode/decoder.go:125.41,127.64 1 1
github.com/gizak/hammingcode/decoder.go:135.2,135.13 1 1
github.com/gizak/hammingcode/decoder.go:127.64,128.21 1 1
github.com/gizak/hammingcode/decoder.go:128.21,130.39 2 1
github.com/gizak/hammingcode/decoder.go:130.39,132.5 1 1
github.com/gizak/hammingcode/decoder.go:139.32,142.38 2 1
github.com/gizak/hammingcode/decoder.go:142.38,144.38 2 1
github.com/gizak/hammingcode/decoder.go:144.38,145.66 1 1
github.com/gizak/hammingcode/decoder.go:145.66,147.24 2 1
github.com/gizak/hammingcode/decoder.go:147.24,148.30 1 1
github.com/gizak/hammingcode/decoder.go:148.30,152.7 3 1
github.com/gizak/hammingcode/decoder.go:160.34,161.37 1 1
github.com/gizak/hammingcode/decoder.go:161.37,163.65 2 1
github.com/gizak/hammingcode/decoder.go:166.3,166.39 1 1
github.com/gizak/hammingcode/decoder.go:163.65,165.4 1 1
github.com/gizak/hammingcode/decoder.go:170.34,175.28 4 0
github.com/gizak/hammingcode/decoder.go:186.2,186.24 1 0
github.com/gizak/hammingcode/decoder.go:193.2,193.13 1 0
github.com/gizak/hammingcode/decoder.go:175.28,176.38 1 0
github.com/gizak/hammingcode/decoder.go:183.3,183.18 1 0
github.com/gizak/hammingcode/decoder.go:176.38,177.30 1 0
github.com/gizak/hammingcode/decoder.go:177.30,178.16 1 0
github.com/gizak/hammingcode/decoder.go:178.16,180.6 1 0
github.com/gizak/hammingcode/decoder.go:186.24,188.30 2 0
github.com/gizak/hammingcode/decoder.go:188.30,190.4 1 0
github.com/gizak/hammingcode/factors.go:11.24,13.2 1 1
github.com/gizak/hammingcode/factors.go:15.30,22.2 6 1
github.com/gizak/hammingcode/factors.go:24.32,31.2 6 1
github.com/gizak/hammingcode/factors.go:33.31,40.2 6 0
github.com/gizak/hammingcode/factors.go:43.46,45.23 2 1
github.com/gizak/hammingcode/factors.go:48.2,48.10 1 1
github.com/gizak/hammingcode/factors.go:45.23,47.3 1 1
github.com/gizak/hammingcode/factors.go:53.28,56.30 3 1
github.com/gizak/hammingcode/factors.go:63.2,63.12 1 1
github.com/gizak/hammingcode/factors.go:56.30,57.27 1 1
github.com/gizak/hammingcode/factors.go:60.3,61.12 2 1
github.com/gizak/hammingcode/factors.go:57.27,59.4 1 0
github.com/gizak/hammingcode/factors.go:67.38,68.19 1 1
github.com/gizak/hammingcode/factors.go:71.2,71.29 1 1
github.com/gizak/hammingcode/factors.go:75.2,75.28 1 1
github.com/gizak/hammingcode/factors.go:68.19,70.3 1 0
github.com/gizak/hammingcode/factors.go:71.29,73.3 1 0
github.com/gizak/hammingcode/factors.go:79.41,80.28 1 1
github.com/gizak/hammingcode/factors.go:83.2,84.17 2 1
github.com/gizak/hammingcode/factors.go:80.28,82.3 1 0
github.com/gizak/hammingcode/factors.go:89.22,91.25 2 1
github.com/gizak/hammingcode/factors.go:94.2,94.10 1 1
github.com/gizak/hammingcode/factors.go:91.25,93.3 1 1
github.com/gizak/hammingcode/factors.go:99.34,101.31 2 1
github.com/gizak/hammingcode/factors.go:101.31,104.26 2 1
github.com/gizak/hammingcode/factors.go:104.26,106.19 2 1
github.com/gizak/hammingcode/factors.go:106.19,107.10 1 1
github.com/gizak/hammingcode/factors.go:116.36,118.36 2 1
github.com/gizak/hammingcode/factors.go:127.2,127.25 1 1
github.com/gizak/hammingcode/factors.go:132.2,132.17 1 1
github.com/gizak/hammingcode/factors.go:118.36,119.26 1 1
github.com/gizak/hammingcode/factors.go:124.3,124.15 1 1
github.com/gizak/hammingcode/factors.go:119.26,120.16 1 1
github.com/gizak/hammingcode/factors.go:120.16,122.5 1 1
github.com/gizak/hammingcode/factors.go:127.25,128.16 1 1
github.com/gizak/hammingcode/factors.go:128.16,130.4 1 1
github.com/gizak/hammingcode/factors.go:137.40,147.36 5 1
github.com/gizak/hammingcode/factors.go:160.2,160.10 1 1
github.com/gizak/hammingcode/factors.go:147.36,150.30 3 1
github.com/gizak/hammingcode/factors.go:153.3,153.30 1 1
github.com/gizak/hammingcode/factors.go:157.3,157.42 1 1
github.com/gizak/hammingcode/factors.go:150.30,152.4 1 1
github.com/gizak/hammingcode/factors.go:153.30,155.4 1 1
github.com/gizak/hammingcode/factors.go:165.36,169.32 4 1
github.com/gizak/hammingcode/factors.go:172.2,172.15 1 1
github.com/gizak/hammingcode/factors.go:169.32,171.3 1 1
github.com/gizak/hammingcode/factors.go:176.52,180.30 3 1
github.com/gizak/hammingcode/factors.go:186.2,189.15 3 1
github.com/gizak/hammingcode/factors.go:180.30,182.26 2 1
github.com/gizak/hammingcode/factors.go:182.26,184.4 1 1
github.com/gizak/hammingcode/factors.go:193.43,197.33 3 1
github.com/gizak/hammingcode/factors.go:207.2,207.12 1 1
github.com/gizak/hammingcode/factors.go:197.33,200.33 3 1
github.com/gizak/hammingcode/factors.go:204.3,204.20 1 1
github.com/gizak/hammingcode/factors.go:200.33,203.4 2 1
github.com/gizak/hammingcode/factors.go:211.42,215.33 3 1
github.com/gizak/hammingcode/factors.go:227.2,227.12 1 1
github.com/gizak/hammingcode/factors.go:215.33,218.33 3 1
github.com/gizak/hammingcode/factors.go:224.3,224.20 1 1
github.com/gizak/hammingcode/factors.go:218.33,220.25 2 1
github.com/gizak/hammingcode/factors.go:220.25,222.5 1 1
github.com/gizak/hammingcode/graph.go:23.42,25.62 1 1
github.com/gizak/hammingcode/graph.go:30.2,30.12 1 1
github.com/gizak/hammingcode/graph.go:25.62,26.23 1 1
github.com/gizak/hammingcode/graph.go:26.23,28.4 1 1
github.com/gizak/hammingcode/graph.go:34.41,36.2 1 1
github.com/gizak/hammingcode/graph.go:40.45,42.15 2 1
github.com/gizak/hammingcode/graph.go:42.15,44.30 1 1
github.com/gizak/hammingcode/graph.go:50.3,51.79 2 1
github.com/gizak/hammingcode/graph.go:54.3,54.31 1 1
github.com/gizak/hammingcode/graph.go:44.30,47.4 2 1
github.com/gizak/hammingcode/graph.go:51.79,53.4 1 1
github.com/gizak/hammingcode/graph.go:55.4,57.3 1 1
github.com/gizak/hammingcode/graph.go:61.45,64.2 2 1
github.com/gizak/hammingcode/graph.go:67.24,69.2 1 1
github.com/gizak/hammingcode/graph.go:72.46,81.2 4 1
